2024-11-12 13:52:25 [INFO][org.hibernate.validator.internal.util.Version][<clinit>][21]-> HV000001: Hibernate Validator 8.0.1.Final
2024-11-12 13:52:25 [INFO][com.lihao.BlobApplication][logStarting][50]-> Starting BlobApplication using Java 19.0.2 with PID 22304 (D:\IDEProject\blob\target\classes started by lihao in D:\IDEProject\blob)
2024-11-12 13:52:25 [INFO][com.lihao.BlobApplication][logStartupProfileInfo][654]-> No active profile set, falling back to 1 default profile: "default"
2024-11-12 13:52:25 [INFO][org.springframework.boot.devtools.env.DevToolsPropertyDefaultsPostProcessor][logTo][252]-> Devtools property defaults active! Set 'spring.devtools.add-properties' to 'false' to disable
2024-11-12 13:52:25 [INFO][org.springframework.boot.devtools.env.DevToolsPropertyDefaultsPostProcessor][logTo][252]-> For additional web related logging consider setting the 'logging.level.web' property to 'DEBUG'
2024-11-12 13:52:27 [INFO][org.springframework.data.repository.config.RepositoryConfigurationDelegate][multipleStoresDetected][295]-> Multiple Spring Data modules found, entering strict repository configuration mode
2024-11-12 13:52:27 [INFO][org.springframework.data.repository.config.RepositoryConfigurationDelegate][registerRepositoriesIn][143]-> Bootstrapping Spring Data Redis repositories in DEFAULT mode.
2024-11-12 13:52:27 [INFO][org.springframework.data.repository.config.RepositoryConfigurationDelegate][registerRepositoriesIn][211]-> Finished Spring Data repository scanning in 44 ms. Found 0 Redis repository interfaces.
2024-11-12 13:52:29 [INFO][org.springframework.boot.web.embedded.tomcat.TomcatWebServer][initialize][109]-> Tomcat initialized with port 9090 (http)
2024-11-12 13:52:29 [INFO][org.apache.catalina.core.AprLifecycleListener][log][173]-> Loaded Apache Tomcat Native library [2.0.7] using APR version [1.7.4].
2024-11-12 13:52:29 [INFO][org.apache.catalina.core.AprLifecycleListener][log][173]-> OpenSSL successfully initialized [OpenSSL 3.0.13 30 Jan 2024]
2024-11-12 13:52:29 [INFO][org.apache.coyote.http11.Http11NioProtocol][log][173]-> Initializing ProtocolHandler ["http-nio-9090"]
2024-11-12 13:52:29 [INFO][org.apache.catalina.core.StandardService][log][173]-> Starting service [Tomcat]
2024-11-12 13:52:29 [INFO][org.apache.catalina.core.StandardEngine][log][173]-> Starting Servlet engine: [Apache Tomcat/10.1.25]
2024-11-12 13:52:29 [INFO][org.apache.catalina.core.ContainerBase.[Tomcat].[localhost].[/blob]][log][173]-> Initializing Spring embedded WebApplicationContext
2024-11-12 13:52:29 [INFO][org.springframework.boot.web.servlet.context.ServletWebServerApplicationContext][prepareWebApplicationContext][296]-> Root WebApplicationContext: initialization completed in 3791 ms
2024-11-12 13:52:32 [INFO][com.lihao.demo.current_limiting.base.AbstractCurrentLimitingStrategy][init][23]-> 注册限流策略：FixedWindowStrategy
2024-11-12 13:52:32 [INFO][com.lihao.demo.current_limiting.base.AbstractCurrentLimitingStrategy][init][23]-> 注册限流策略：LeakyBucketStrategy
2024-11-12 13:52:32 [INFO][com.lihao.demo.current_limiting.base.AbstractCurrentLimitingStrategy][init][23]-> 注册限流策略：SlideWindowStrategy
2024-11-12 13:52:32 [INFO][com.lihao.demo.current_limiting.base.AbstractCurrentLimitingStrategy][init][23]-> 注册限流策略：TokenBucketStrategy
2024-11-12 13:52:34 [INFO][org.springframework.boot.devtools.autoconfigure.OptionalLiveReloadServer][startServer][59]-> LiveReload server is running on port 35729
2024-11-12 13:52:34 [INFO][org.apache.coyote.http11.Http11NioProtocol][log][173]-> Starting ProtocolHandler ["http-nio-9090"]
2024-11-12 13:52:34 [INFO][org.springframework.boot.web.embedded.tomcat.TomcatWebServer][start][241]-> Tomcat started on port 9090 (http) with context path '/blob'
2024-11-12 13:52:34 [INFO][com.lihao.BlobApplication][logStarted][56]-> Started BlobApplication in 10.255 seconds (process running for 14.305)
2024-11-12 13:52:34 [INFO][com.zaxxer.hikari.HikariDataSource][getConnection][110]-> HikariCPDatasource - Starting...
2024-11-12 13:52:35 [INFO][com.zaxxer.hikari.pool.HikariPool][checkFailFast][565]-> HikariCPDatasource - Added connection com.mysql.cj.jdbc.ConnectionImpl@5ebb120
2024-11-12 13:52:35 [INFO][com.zaxxer.hikari.HikariDataSource][getConnection][123]-> HikariCPDatasource - Start completed.
2024-11-12 13:52:37 [INFO][org.springframework.boot.devtools.autoconfigure.LocalDevToolsAutoConfiguration$RestartingClassPathChangeChangedEventListener][onApplicationEvent][211]-> Restarting due to 6 class path changes (2 additions, 2 deletions, 2 modifications)
2024-11-12 13:52:37 [INFO][org.apache.coyote.http11.Http11NioProtocol][log][173]-> Stopping ProtocolHandler ["http-nio-9090"]
2024-11-12 13:52:39 [ERROR][com.lihao.InitRun][run][33]-> 服务启动失败！
java.lang.IllegalStateException: LettuceConnectionFactory has been STOPPED. Use start() to initialize it
	at org.springframework.data.redis.connection.lettuce.LettuceConnectionFactory.assertStarted(LettuceConnectionFactory.java:1391)
	at org.springframework.data.redis.connection.lettuce.LettuceConnectionFactory.getConnection(LettuceConnectionFactory.java:991)
	at org.springframework.data.redis.core.RedisConnectionUtils.fetchConnection(RedisConnectionUtils.java:195)
	at org.springframework.data.redis.core.RedisConnectionUtils.doGetConnection(RedisConnectionUtils.java:144)
	at org.springframework.data.redis.core.RedisConnectionUtils.getConnection(RedisConnectionUtils.java:105)
	at org.springframework.data.redis.core.RedisTemplate.execute(RedisTemplate.java:383)
	at org.springframework.data.redis.core.RedisTemplate.execute(RedisTemplate.java:363)
	at org.springframework.data.redis.core.AbstractOperations.execute(AbstractOperations.java:97)
	at org.springframework.data.redis.core.DefaultValueOperations.get(DefaultValueOperations.java:50)
	at com.lihao.redis.RedisUtils.get(RedisUtils.java:35)
	at com.lihao.InitRun.run(InitRun.java:26)
	at org.springframework.boot.SpringApplication.lambda$callRunner$4(SpringApplication.java:786)
	at org.springframework.util.function.ThrowingConsumer$1.acceptWithException(ThrowingConsumer.java:83)
	at org.springframework.util.function.ThrowingConsumer.accept(ThrowingConsumer.java:60)
	at org.springframework.util.function.ThrowingConsumer$1.accept(ThrowingConsumer.java:88)
	at org.springframework.boot.SpringApplication.callRunner(SpringApplication.java:798)
	at org.springframework.boot.SpringApplication.callRunner(SpringApplication.java:786)
	at org.springframework.boot.SpringApplication.lambda$callRunners$3(SpringApplication.java:774)
	at java.base/java.util.stream.ForEachOps$ForEachOp$OfRef.accept(ForEachOps.java:183)
	at java.base/java.util.stream.SortedOps$SizedRefSortingSink.end(SortedOps.java:357)
	at java.base/java.util.stream.AbstractPipeline.copyInto(AbstractPipeline.java:510)
	at java.base/java.util.stream.AbstractPipeline.wrapAndCopyInto(AbstractPipeline.java:499)
	at java.base/java.util.stream.ForEachOps$ForEachOp.evaluateSequential(ForEachOps.java:150)
	at java.base/java.util.stream.ForEachOps$ForEachOp$OfRef.evaluateSequential(ForEachOps.java:173)
	at java.base/java.util.stream.AbstractPipeline.evaluate(AbstractPipeline.java:234)
	at java.base/java.util.stream.ReferencePipeline.forEach(ReferencePipeline.java:596)
	at org.springframework.boot.SpringApplication.callRunners(SpringApplication.java:774)
	at org.springframework.boot.SpringApplication.run(SpringApplication.java:342)
	at org.springframework.boot.SpringApplication.run(SpringApplication.java:1363)
	at org.springframework.boot.SpringApplication.run(SpringApplication.java:1352)
	at com.lihao.BlobApplication.main(BlobApplication.java:22)
	at java.base/jdk.internal.reflect.DirectMethodHandleAccessor.invoke(DirectMethodHandleAccessor.java:104)
	at java.base/java.lang.reflect.Method.invoke(Method.java:578)
	at org.springframework.boot.devtools.restart.RestartLauncher.run(RestartLauncher.java:50)
2024-11-12 13:52:39 [INFO][com.lihao.netty.ChannelContext][clear][34]-> 清除人员、群组信息
2024-11-12 13:52:39 [INFO][com.zaxxer.hikari.HikariDataSource][close][350]-> HikariCPDatasource - Shutdown initiated...
2024-11-12 13:52:39 [INFO][com.zaxxer.hikari.HikariDataSource][close][352]-> HikariCPDatasource - Shutdown completed.
2024-11-12 13:52:39 [INFO][com.lihao.BlobApplication][logStarting][50]-> Starting BlobApplication using Java 19.0.2 with PID 22304 (D:\IDEProject\blob\target\classes started by lihao in D:\IDEProject\blob)
2024-11-12 13:52:39 [INFO][com.lihao.BlobApplication][logStartupProfileInfo][654]-> No active profile set, falling back to 1 default profile: "default"
2024-11-12 13:52:40 [INFO][org.springframework.data.repository.config.RepositoryConfigurationDelegate][multipleStoresDetected][295]-> Multiple Spring Data modules found, entering strict repository configuration mode
2024-11-12 13:52:40 [INFO][org.springframework.data.repository.config.RepositoryConfigurationDelegate][registerRepositoriesIn][143]-> Bootstrapping Spring Data Redis repositories in DEFAULT mode.
2024-11-12 13:52:40 [INFO][org.springframework.data.repository.config.RepositoryConfigurationDelegate][registerRepositoriesIn][211]-> Finished Spring Data repository scanning in 32 ms. Found 0 Redis repository interfaces.
2024-11-12 13:52:40 [INFO][org.springframework.boot.web.embedded.tomcat.TomcatWebServer][initialize][109]-> Tomcat initialized with port 9090 (http)
2024-11-12 13:52:40 [INFO][org.apache.catalina.core.AprLifecycleListener][log][173]-> Loaded Apache Tomcat Native library [2.0.7] using APR version [1.7.4].
2024-11-12 13:52:40 [INFO][org.apache.catalina.core.AprLifecycleListener][log][173]-> OpenSSL successfully initialized [OpenSSL 3.0.13 30 Jan 2024]
2024-11-12 13:52:40 [INFO][org.apache.coyote.http11.Http11NioProtocol][log][173]-> Initializing ProtocolHandler ["http-nio-9090"]
2024-11-12 13:52:40 [INFO][org.apache.catalina.core.StandardService][log][173]-> Starting service [Tomcat]
2024-11-12 13:52:40 [INFO][org.apache.catalina.core.StandardEngine][log][173]-> Starting Servlet engine: [Apache Tomcat/10.1.25]
2024-11-12 13:52:41 [INFO][org.apache.catalina.core.ContainerBase.[Tomcat].[localhost].[/blob]][log][173]-> Initializing Spring embedded WebApplicationContext
2024-11-12 13:52:41 [INFO][org.springframework.boot.web.servlet.context.ServletWebServerApplicationContext][prepareWebApplicationContext][296]-> Root WebApplicationContext: initialization completed in 1259 ms
2024-11-12 13:52:42 [INFO][com.lihao.demo.current_limiting.base.AbstractCurrentLimitingStrategy][init][23]-> 注册限流策略：FixedWindowStrategy
2024-11-12 13:52:42 [INFO][com.lihao.demo.current_limiting.base.AbstractCurrentLimitingStrategy][init][23]-> 注册限流策略：LeakyBucketStrategy
2024-11-12 13:52:42 [INFO][com.lihao.demo.current_limiting.base.AbstractCurrentLimitingStrategy][init][23]-> 注册限流策略：SlideWindowStrategy
2024-11-12 13:52:42 [INFO][com.lihao.demo.current_limiting.base.AbstractCurrentLimitingStrategy][init][23]-> 注册限流策略：TokenBucketStrategy
2024-11-12 13:52:43 [INFO][org.springframework.boot.devtools.autoconfigure.OptionalLiveReloadServer][startServer][59]-> LiveReload server is running on port 35729
2024-11-12 13:52:43 [INFO][org.apache.coyote.http11.Http11NioProtocol][log][173]-> Starting ProtocolHandler ["http-nio-9090"]
2024-11-12 13:52:43 [INFO][org.springframework.boot.web.embedded.tomcat.TomcatWebServer][start][241]-> Tomcat started on port 9090 (http) with context path '/blob'
2024-11-12 13:52:43 [INFO][com.lihao.BlobApplication][logStarted][56]-> Started BlobApplication in 3.901 seconds (process running for 23.142)
2024-11-12 13:52:43 [INFO][com.zaxxer.hikari.HikariDataSource][getConnection][110]-> HikariCPDatasource - Starting...
2024-11-12 13:52:43 [INFO][com.zaxxer.hikari.pool.HikariPool][checkFailFast][565]-> HikariCPDatasource - Added connection com.mysql.cj.jdbc.ConnectionImpl@41827789
2024-11-12 13:52:43 [INFO][com.zaxxer.hikari.HikariDataSource][getConnection][123]-> HikariCPDatasource - Start completed.
2024-11-12 13:52:45 [INFO][org.springframework.boot.devtools.autoconfigure.LocalDevToolsAutoConfiguration$RestartingClassPathChangeChangedEventListener][onApplicationEvent][211]-> Restarting due to 1 class path change (1 addition, 0 deletions, 0 modifications)
2024-11-12 13:52:45 [INFO][org.apache.coyote.http11.Http11NioProtocol][log][173]-> Stopping ProtocolHandler ["http-nio-9090"]
2024-11-12 13:52:47 [ERROR][com.lihao.InitRun][run][33]-> 服务启动失败！
java.lang.IllegalStateException: LettuceConnectionFactory has been STOPPED. Use start() to initialize it
	at org.springframework.data.redis.connection.lettuce.LettuceConnectionFactory.assertStarted(LettuceConnectionFactory.java:1391)
	at org.springframework.data.redis.connection.lettuce.LettuceConnectionFactory.getConnection(LettuceConnectionFactory.java:991)
	at org.springframework.data.redis.core.RedisConnectionUtils.fetchConnection(RedisConnectionUtils.java:195)
	at org.springframework.data.redis.core.RedisConnectionUtils.doGetConnection(RedisConnectionUtils.java:144)
	at org.springframework.data.redis.core.RedisConnectionUtils.getConnection(RedisConnectionUtils.java:105)
	at org.springframework.data.redis.core.RedisTemplate.execute(RedisTemplate.java:383)
	at org.springframework.data.redis.core.RedisTemplate.execute(RedisTemplate.java:363)
	at org.springframework.data.redis.core.AbstractOperations.execute(AbstractOperations.java:97)
	at org.springframework.data.redis.core.DefaultValueOperations.get(DefaultValueOperations.java:50)
	at com.lihao.redis.RedisUtils.get(RedisUtils.java:35)
	at com.lihao.InitRun.run(InitRun.java:26)
	at org.springframework.boot.SpringApplication.lambda$callRunner$4(SpringApplication.java:786)
	at org.springframework.util.function.ThrowingConsumer$1.acceptWithException(ThrowingConsumer.java:83)
	at org.springframework.util.function.ThrowingConsumer.accept(ThrowingConsumer.java:60)
	at org.springframework.util.function.ThrowingConsumer$1.accept(ThrowingConsumer.java:88)
	at org.springframework.boot.SpringApplication.callRunner(SpringApplication.java:798)
	at org.springframework.boot.SpringApplication.callRunner(SpringApplication.java:786)
	at org.springframework.boot.SpringApplication.lambda$callRunners$3(SpringApplication.java:774)
	at java.base/java.util.stream.ForEachOps$ForEachOp$OfRef.accept(ForEachOps.java:183)
	at java.base/java.util.stream.SortedOps$SizedRefSortingSink.end(SortedOps.java:357)
	at java.base/java.util.stream.AbstractPipeline.copyInto(AbstractPipeline.java:510)
	at java.base/java.util.stream.AbstractPipeline.wrapAndCopyInto(AbstractPipeline.java:499)
	at java.base/java.util.stream.ForEachOps$ForEachOp.evaluateSequential(ForEachOps.java:150)
	at java.base/java.util.stream.ForEachOps$ForEachOp$OfRef.evaluateSequential(ForEachOps.java:173)
	at java.base/java.util.stream.AbstractPipeline.evaluate(AbstractPipeline.java:234)
	at java.base/java.util.stream.ReferencePipeline.forEach(ReferencePipeline.java:596)
	at org.springframework.boot.SpringApplication.callRunners(SpringApplication.java:774)
	at org.springframework.boot.SpringApplication.run(SpringApplication.java:342)
	at org.springframework.boot.SpringApplication.run(SpringApplication.java:1363)
	at org.springframework.boot.SpringApplication.run(SpringApplication.java:1352)
	at com.lihao.BlobApplication.main(BlobApplication.java:22)
	at java.base/jdk.internal.reflect.DirectMethodHandleAccessor.invoke(DirectMethodHandleAccessor.java:104)
	at java.base/java.lang.reflect.Method.invoke(Method.java:578)
	at org.springframework.boot.devtools.restart.RestartLauncher.run(RestartLauncher.java:50)
2024-11-12 13:52:47 [INFO][com.lihao.netty.ChannelContext][clear][34]-> 清除人员、群组信息
2024-11-12 13:52:47 [INFO][com.zaxxer.hikari.HikariDataSource][close][350]-> HikariCPDatasource - Shutdown initiated...
2024-11-12 13:52:47 [INFO][com.zaxxer.hikari.HikariDataSource][close][352]-> HikariCPDatasource - Shutdown completed.
2024-11-12 13:52:47 [INFO][com.lihao.BlobApplication][logStarting][50]-> Starting BlobApplication using Java 19.0.2 with PID 22304 (D:\IDEProject\blob\target\classes started by lihao in D:\IDEProject\blob)
2024-11-12 13:52:47 [INFO][com.lihao.BlobApplication][logStartupProfileInfo][654]-> No active profile set, falling back to 1 default profile: "default"
2024-11-12 13:52:47 [INFO][org.springframework.data.repository.config.RepositoryConfigurationDelegate][multipleStoresDetected][295]-> Multiple Spring Data modules found, entering strict repository configuration mode
2024-11-12 13:52:47 [INFO][org.springframework.data.repository.config.RepositoryConfigurationDelegate][registerRepositoriesIn][143]-> Bootstrapping Spring Data Redis repositories in DEFAULT mode.
2024-11-12 13:52:47 [INFO][org.springframework.data.repository.config.RepositoryConfigurationDelegate][registerRepositoriesIn][211]-> Finished Spring Data repository scanning in 26 ms. Found 0 Redis repository interfaces.
2024-11-12 13:52:48 [INFO][org.springframework.boot.web.embedded.tomcat.TomcatWebServer][initialize][109]-> Tomcat initialized with port 9090 (http)
2024-11-12 13:52:48 [INFO][org.apache.catalina.core.AprLifecycleListener][log][173]-> Loaded Apache Tomcat Native library [2.0.7] using APR version [1.7.4].
2024-11-12 13:52:48 [INFO][org.apache.catalina.core.AprLifecycleListener][log][173]-> OpenSSL successfully initialized [OpenSSL 3.0.13 30 Jan 2024]
2024-11-12 13:52:48 [INFO][org.apache.coyote.http11.Http11NioProtocol][log][173]-> Initializing ProtocolHandler ["http-nio-9090"]
2024-11-12 13:52:48 [INFO][org.apache.catalina.core.StandardService][log][173]-> Starting service [Tomcat]
2024-11-12 13:52:48 [INFO][org.apache.catalina.core.StandardEngine][log][173]-> Starting Servlet engine: [Apache Tomcat/10.1.25]
2024-11-12 13:52:48 [INFO][org.apache.catalina.core.ContainerBase.[Tomcat].[localhost].[/blob]][log][173]-> Initializing Spring embedded WebApplicationContext
2024-11-12 13:52:48 [INFO][org.springframework.boot.web.servlet.context.ServletWebServerApplicationContext][prepareWebApplicationContext][296]-> Root WebApplicationContext: initialization completed in 1042 ms
2024-11-12 13:52:49 [INFO][com.lihao.demo.current_limiting.base.AbstractCurrentLimitingStrategy][init][23]-> 注册限流策略：FixedWindowStrategy
2024-11-12 13:52:49 [INFO][com.lihao.demo.current_limiting.base.AbstractCurrentLimitingStrategy][init][23]-> 注册限流策略：LeakyBucketStrategy
2024-11-12 13:52:49 [INFO][com.lihao.demo.current_limiting.base.AbstractCurrentLimitingStrategy][init][23]-> 注册限流策略：SlideWindowStrategy
2024-11-12 13:52:49 [INFO][com.lihao.demo.current_limiting.base.AbstractCurrentLimitingStrategy][init][23]-> 注册限流策略：TokenBucketStrategy
2024-11-12 13:52:50 [INFO][org.springframework.boot.devtools.autoconfigure.OptionalLiveReloadServer][startServer][59]-> LiveReload server is running on port 35729
2024-11-12 13:52:50 [INFO][org.apache.coyote.http11.Http11NioProtocol][log][173]-> Starting ProtocolHandler ["http-nio-9090"]
2024-11-12 13:52:50 [INFO][org.springframework.boot.web.embedded.tomcat.TomcatWebServer][start][241]-> Tomcat started on port 9090 (http) with context path '/blob'
2024-11-12 13:52:50 [INFO][com.lihao.BlobApplication][logStarted][56]-> Started BlobApplication in 3.48 seconds (process running for 30.343)
2024-11-12 13:52:50 [INFO][com.zaxxer.hikari.HikariDataSource][getConnection][110]-> HikariCPDatasource - Starting...
2024-11-12 13:52:50 [INFO][com.zaxxer.hikari.pool.HikariPool][checkFailFast][565]-> HikariCPDatasource - Added connection com.mysql.cj.jdbc.ConnectionImpl@480967b5
2024-11-12 13:52:50 [INFO][com.zaxxer.hikari.HikariDataSource][getConnection][123]-> HikariCPDatasource - Start completed.
2024-11-12 13:52:50 [INFO][com.lihao.InitRun][run][27]-> 服务启动成功，可以开始愉快的开发了！
2024-11-12 13:53:25 [INFO][org.apache.catalina.core.ContainerBase.[Tomcat].[localhost].[/blob]][log][173]-> Initializing Spring DispatcherServlet 'dispatcherServlet'
2024-11-12 13:53:25 [INFO][org.springframework.web.servlet.DispatcherServlet][initServletBean][532]-> Initializing Servlet 'dispatcherServlet'
2024-11-12 13:53:25 [INFO][org.springframework.web.servlet.DispatcherServlet][initServletBean][554]-> Completed initialization in 1 ms
2024-11-12 13:53:27 [INFO][com.lihao.aspect.NormalAspect][monitorApiUsage][156]-> 接口：LoginController.code，耗时：1678ms
2024-11-12 13:53:54 [INFO][com.lihao.aspect.NormalAspect][monitorApiUsage][156]-> 接口：LoginController.send，耗时：140ms
2024-11-12 13:54:03 [INFO][com.lihao.aspect.NormalAspect][monitorApiUsage][156]-> 接口：LoginController.loginCon，耗时：281ms
2024-11-12 13:54:04 [INFO][com.lihao.aspect.NormalAspect][monitorApiUsage][156]-> 接口：NoteController.select，耗时：27ms
2024-11-12 13:54:04 [INFO][com.lihao.aspect.NormalAspect][monitorApiUsage][156]-> 接口：ForumController.getMyPost，耗时：94ms
2024-11-12 13:54:04 [INFO][com.lihao.aspect.NormalAspect][monitorApiUsage][156]-> 接口：UserInfoController.getUserAvatarInfo，耗时：126ms
2024-11-12 13:54:04 [INFO][com.lihao.aspect.NormalAspect][monitorApiUsage][156]-> 接口：ForumController.getMyLikePost，耗时：139ms
2024-11-12 13:54:04 [INFO][com.lihao.aspect.NormalAspect][monitorApiUsage][156]-> 接口：ForumController.getMyLikePost，耗时：149ms
2024-11-12 13:55:23 [INFO][com.lihao.aspect.NormalAspect][monitorApiUsage][156]-> 接口：UserInfoController.getUserAvatarInfo，耗时：40ms
2024-11-12 13:55:23 [INFO][com.lihao.aspect.NormalAspect][monitorApiUsage][156]-> 接口：ForumController.getTag，耗时：24ms
2024-11-12 13:55:23 [INFO][com.lihao.aspect.NormalAspect][monitorApiUsage][156]-> 接口：ForumController.getPostByTag，耗时：58ms
2024-11-12 13:55:25 [INFO][com.lihao.aspect.NormalAspect][monitorApiUsage][156]-> 接口：ForumController.getPostByTag，耗时：85ms
2024-11-12 13:55:25 [INFO][com.lihao.aspect.NormalAspect][monitorApiUsage][156]-> 接口：ForumController.getPostByTag，耗时：25ms
2024-11-12 13:55:25 [INFO][com.lihao.aspect.NormalAspect][monitorApiUsage][156]-> 接口：ForumController.getPostByTag，耗时：22ms
2024-11-12 13:55:26 [INFO][com.lihao.aspect.NormalAspect][monitorApiUsage][156]-> 接口：ForumController.getPostByTag，耗时：23ms
2024-11-12 13:55:26 [INFO][com.lihao.aspect.NormalAspect][monitorApiUsage][156]-> 接口：ForumController.getPostByTag，耗时：18ms
2024-11-12 13:55:33 [INFO][com.lihao.aspect.NormalAspect][monitorApiUsage][156]-> 接口：ForumController.getPostByTag，耗时：20ms
2024-11-12 13:55:33 [INFO][com.lihao.aspect.NormalAspect][monitorApiUsage][156]-> 接口：ForumController.getPostByTag，耗时：16ms
2024-11-12 13:55:33 [INFO][com.lihao.aspect.NormalAspect][monitorApiUsage][156]-> 接口：ForumController.getPostByTag，耗时：19ms
2024-11-12 13:55:37 [INFO][com.lihao.aspect.NormalAspect][monitorApiUsage][156]-> 接口：UserInfoController.getUserAvatarInfo，耗时：34ms
2024-11-12 13:55:37 [INFO][com.lihao.aspect.NormalAspect][monitorApiUsage][156]-> 接口：UserInfoController.getUserAvatarInfo，耗时：29ms
2024-11-12 13:55:38 [INFO][com.lihao.aspect.NormalAspect][monitorApiUsage][156]-> 接口：ForumController.getTag，耗时：1ms
2024-11-12 13:55:38 [INFO][com.lihao.aspect.NormalAspect][monitorApiUsage][156]-> 接口：SocialController.getComment，耗时：31ms
2024-11-12 13:55:38 [INFO][com.lihao.aspect.NormalAspect][monitorApiUsage][156]-> 接口：ForumController.getPostById，耗时：45ms
2024-11-12 13:55:41 [INFO][com.lihao.aspect.NormalAspect][monitorApiUsage][156]-> 接口：SocialController.comment，耗时：208ms
2024-11-12 13:55:43 [INFO][com.lihao.aspect.NormalAspect][monitorApiUsage][156]-> 接口：SocialController.comment，耗时：21ms
