2024-12-03 11:38:50 [INFO][org.hibernate.validator.internal.util.Version][<clinit>][21]-> HV000001: Hibernate Validator 8.0.1.Final
2024-12-03 11:38:50 [INFO][com.lihao.BlobApplication][logStarting][50]-> Starting BlobApplication using Java 19.0.2 with PID 52920 (D:\IDEProject\blob\target\classes started by lihao in D:\IDEProject\blob)
2024-12-03 11:38:50 [INFO][com.lihao.BlobApplication][logStartupProfileInfo][654]-> No active profile set, falling back to 1 default profile: "default"
2024-12-03 11:38:50 [INFO][org.springframework.boot.devtools.env.DevToolsPropertyDefaultsPostProcessor][logTo][252]-> Devtools property defaults active! Set 'spring.devtools.add-properties' to 'false' to disable
2024-12-03 11:38:50 [INFO][org.springframework.boot.devtools.env.DevToolsPropertyDefaultsPostProcessor][logTo][252]-> For additional web related logging consider setting the 'logging.level.web' property to 'DEBUG'
2024-12-03 11:38:51 [INFO][org.springframework.data.repository.config.RepositoryConfigurationDelegate][multipleStoresDetected][295]-> Multiple Spring Data modules found, entering strict repository configuration mode
2024-12-03 11:38:51 [INFO][org.springframework.data.repository.config.RepositoryConfigurationDelegate][registerRepositoriesIn][143]-> Bootstrapping Spring Data Redis repositories in DEFAULT mode.
2024-12-03 11:38:51 [INFO][org.springframework.data.repository.config.RepositoryConfigurationDelegate][registerRepositoriesIn][211]-> Finished Spring Data repository scanning in 34 ms. Found 0 Redis repository interfaces.
2024-12-03 11:38:53 [INFO][org.springframework.boot.web.embedded.tomcat.TomcatWebServer][initialize][109]-> Tomcat initialized with port 9090 (http)
2024-12-03 11:38:53 [INFO][org.apache.catalina.core.AprLifecycleListener][log][173]-> Loaded Apache Tomcat Native library [2.0.7] using APR version [1.7.4].
2024-12-03 11:38:53 [INFO][org.apache.catalina.core.AprLifecycleListener][log][173]-> OpenSSL successfully initialized [OpenSSL 3.0.13 30 Jan 2024]
2024-12-03 11:38:53 [INFO][org.apache.coyote.http11.Http11NioProtocol][log][173]-> Initializing ProtocolHandler ["http-nio-9090"]
2024-12-03 11:38:53 [INFO][org.apache.catalina.core.StandardService][log][173]-> Starting service [Tomcat]
2024-12-03 11:38:53 [INFO][org.apache.catalina.core.StandardEngine][log][173]-> Starting Servlet engine: [Apache Tomcat/10.1.25]
2024-12-03 11:38:53 [INFO][org.apache.catalina.core.ContainerBase.[Tomcat].[localhost].[/blob]][log][173]-> Initializing Spring embedded WebApplicationContext
2024-12-03 11:38:53 [INFO][org.springframework.boot.web.servlet.context.ServletWebServerApplicationContext][prepareWebApplicationContext][296]-> Root WebApplicationContext: initialization completed in 2868 ms
2024-12-03 11:38:55 [INFO][com.lihao.demo.current_limiting.base.AbstractCurrentLimitingStrategy][init][23]-> 注册限流策略：FixedWindowStrategy
2024-12-03 11:38:55 [INFO][com.lihao.demo.current_limiting.base.AbstractCurrentLimitingStrategy][init][23]-> 注册限流策略：LeakyBucketStrategy
2024-12-03 11:38:55 [INFO][com.lihao.demo.current_limiting.base.AbstractCurrentLimitingStrategy][init][23]-> 注册限流策略：SlideWindowStrategy
2024-12-03 11:38:55 [INFO][com.lihao.demo.current_limiting.base.AbstractCurrentLimitingStrategy][init][23]-> 注册限流策略：TokenBucketStrategy
2024-12-03 11:38:56 [INFO][org.springframework.boot.devtools.autoconfigure.OptionalLiveReloadServer][startServer][59]-> LiveReload server is running on port 35729
2024-12-03 11:38:56 [INFO][org.apache.coyote.http11.Http11NioProtocol][log][173]-> Starting ProtocolHandler ["http-nio-9090"]
2024-12-03 11:38:56 [INFO][org.springframework.boot.web.embedded.tomcat.TomcatWebServer][start][241]-> Tomcat started on port 9090 (http) with context path '/blob'
2024-12-03 11:38:56 [INFO][com.lihao.BlobApplication][logStarted][56]-> Started BlobApplication in 6.861 seconds (process running for 18.429)
2024-12-03 11:38:56 [INFO][com.zaxxer.hikari.HikariDataSource][getConnection][110]-> HikariCPDatasource - Starting...
2024-12-03 11:38:57 [INFO][com.zaxxer.hikari.pool.HikariPool][checkFailFast][565]-> HikariCPDatasource - Added connection com.mysql.cj.jdbc.ConnectionImpl@78a93cf9
2024-12-03 11:38:57 [INFO][com.zaxxer.hikari.HikariDataSource][getConnection][123]-> HikariCPDatasource - Start completed.
2024-12-03 11:40:01 [INFO][org.springframework.boot.devtools.autoconfigure.LocalDevToolsAutoConfiguration$RestartingClassPathChangeChangedEventListener][onApplicationEvent][211]-> Restarting due to 4 class path changes (1 addition, 2 deletions, 1 modification)
2024-12-03 11:40:01 [INFO][org.apache.coyote.http11.Http11NioProtocol][log][173]-> Stopping ProtocolHandler ["http-nio-9090"]
2024-12-03 11:40:02 [ERROR][com.lihao.InitRun][run][33]-> 服务启动失败！
java.lang.IllegalStateException: LettuceConnectionFactory has been STOPPED. Use start() to initialize it
	at org.springframework.data.redis.connection.lettuce.LettuceConnectionFactory.assertStarted(LettuceConnectionFactory.java:1391)
	at org.springframework.data.redis.connection.lettuce.LettuceConnectionFactory.getConnection(LettuceConnectionFactory.java:991)
	at org.springframework.data.redis.core.RedisConnectionUtils.fetchConnection(RedisConnectionUtils.java:195)
	at org.springframework.data.redis.core.RedisConnectionUtils.doGetConnection(RedisConnectionUtils.java:144)
	at org.springframework.data.redis.core.RedisConnectionUtils.getConnection(RedisConnectionUtils.java:105)
	at org.springframework.data.redis.core.RedisTemplate.execute(RedisTemplate.java:383)
	at org.springframework.data.redis.core.RedisTemplate.execute(RedisTemplate.java:363)
	at org.springframework.data.redis.core.AbstractOperations.execute(AbstractOperations.java:97)
	at org.springframework.data.redis.core.DefaultValueOperations.get(DefaultValueOperations.java:50)
	at com.lihao.redis.RedisUtils.get(RedisUtils.java:35)
	at com.lihao.InitRun.run(InitRun.java:26)
	at org.springframework.boot.SpringApplication.lambda$callRunner$4(SpringApplication.java:786)
	at org.springframework.util.function.ThrowingConsumer$1.acceptWithException(ThrowingConsumer.java:83)
	at org.springframework.util.function.ThrowingConsumer.accept(ThrowingConsumer.java:60)
	at org.springframework.util.function.ThrowingConsumer$1.accept(ThrowingConsumer.java:88)
	at org.springframework.boot.SpringApplication.callRunner(SpringApplication.java:798)
	at org.springframework.boot.SpringApplication.callRunner(SpringApplication.java:786)
	at org.springframework.boot.SpringApplication.lambda$callRunners$3(SpringApplication.java:774)
	at java.base/java.util.stream.ForEachOps$ForEachOp$OfRef.accept(ForEachOps.java:183)
	at java.base/java.util.stream.SortedOps$SizedRefSortingSink.end(SortedOps.java:357)
	at java.base/java.util.stream.AbstractPipeline.copyInto(AbstractPipeline.java:510)
	at java.base/java.util.stream.AbstractPipeline.wrapAndCopyInto(AbstractPipeline.java:499)
	at java.base/java.util.stream.ForEachOps$ForEachOp.evaluateSequential(ForEachOps.java:150)
	at java.base/java.util.stream.ForEachOps$ForEachOp$OfRef.evaluateSequential(ForEachOps.java:173)
	at java.base/java.util.stream.AbstractPipeline.evaluate(AbstractPipeline.java:234)
	at java.base/java.util.stream.ReferencePipeline.forEach(ReferencePipeline.java:596)
	at org.springframework.boot.SpringApplication.callRunners(SpringApplication.java:774)
	at org.springframework.boot.SpringApplication.run(SpringApplication.java:342)
	at org.springframework.boot.SpringApplication.run(SpringApplication.java:1363)
	at org.springframework.boot.SpringApplication.run(SpringApplication.java:1352)
	at com.lihao.BlobApplication.main(BlobApplication.java:22)
	at java.base/jdk.internal.reflect.DirectMethodHandleAccessor.invoke(DirectMethodHandleAccessor.java:104)
	at java.base/java.lang.reflect.Method.invoke(Method.java:578)
	at org.springframework.boot.devtools.restart.RestartLauncher.run(RestartLauncher.java:50)
2024-12-03 11:40:02 [INFO][com.lihao.netty.ChannelContext][clear][34]-> 清除人员、群组信息
2024-12-03 11:40:02 [INFO][com.zaxxer.hikari.HikariDataSource][close][350]-> HikariCPDatasource - Shutdown initiated...
2024-12-03 11:40:02 [INFO][com.zaxxer.hikari.HikariDataSource][close][352]-> HikariCPDatasource - Shutdown completed.
2024-12-03 11:40:03 [INFO][com.lihao.BlobApplication][logStarting][50]-> Starting BlobApplication using Java 19.0.2 with PID 52920 (D:\IDEProject\blob\target\classes started by lihao in D:\IDEProject\blob)
2024-12-03 11:40:03 [INFO][com.lihao.BlobApplication][logStartupProfileInfo][654]-> No active profile set, falling back to 1 default profile: "default"
2024-12-03 11:40:03 [INFO][org.springframework.data.repository.config.RepositoryConfigurationDelegate][multipleStoresDetected][295]-> Multiple Spring Data modules found, entering strict repository configuration mode
2024-12-03 11:40:03 [INFO][org.springframework.data.repository.config.RepositoryConfigurationDelegate][registerRepositoriesIn][143]-> Bootstrapping Spring Data Redis repositories in DEFAULT mode.
2024-12-03 11:40:03 [INFO][org.springframework.data.repository.config.RepositoryConfigurationDelegate][registerRepositoriesIn][211]-> Finished Spring Data repository scanning in 31 ms. Found 0 Redis repository interfaces.
2024-12-03 11:40:04 [INFO][org.springframework.boot.web.embedded.tomcat.TomcatWebServer][initialize][109]-> Tomcat initialized with port 9090 (http)
2024-12-03 11:40:04 [INFO][org.apache.catalina.core.AprLifecycleListener][log][173]-> Loaded Apache Tomcat Native library [2.0.7] using APR version [1.7.4].
2024-12-03 11:40:04 [INFO][org.apache.catalina.core.AprLifecycleListener][log][173]-> OpenSSL successfully initialized [OpenSSL 3.0.13 30 Jan 2024]
2024-12-03 11:40:04 [INFO][org.apache.coyote.http11.Http11NioProtocol][log][173]-> Initializing ProtocolHandler ["http-nio-9090"]
2024-12-03 11:40:04 [INFO][org.apache.catalina.core.StandardService][log][173]-> Starting service [Tomcat]
2024-12-03 11:40:04 [INFO][org.apache.catalina.core.StandardEngine][log][173]-> Starting Servlet engine: [Apache Tomcat/10.1.25]
2024-12-03 11:40:04 [INFO][org.apache.catalina.core.ContainerBase.[Tomcat].[localhost].[/blob]][log][173]-> Initializing Spring embedded WebApplicationContext
2024-12-03 11:40:04 [INFO][org.springframework.boot.web.servlet.context.ServletWebServerApplicationContext][prepareWebApplicationContext][296]-> Root WebApplicationContext: initialization completed in 1284 ms
2024-12-03 11:40:04 [WARN][org.springframework.boot.web.servlet.context.AnnotationConfigServletWebServerApplicationContext][refresh][632]-> Exception encountered during context initialization - cancelling refresh attempt: org.springframework.beans.factory.BeanCreationException: Error creating bean with name 'forumController': Injection of resource dependencies failed
2024-12-03 11:40:04 [INFO][org.apache.catalina.core.StandardService][log][173]-> Stopping service [Tomcat]
2024-12-03 11:40:05 [INFO][org.springframework.boot.autoconfigure.logging.ConditionEvaluationReportLogger][logMessage][82]-> 

Error starting ApplicationContext. To display the condition evaluation report re-run your application with 'debug' enabled.
2024-12-03 11:40:05 [ERROR][org.springframework.boot.diagnostics.LoggingFailureAnalysisReporter][report][40]-> 

***************************
APPLICATION FAILED TO START
***************************

Description:

A component required a bean of type 'com.lihao.service.ForumService' that could not be found.


Action:

Consider defining a bean of type 'com.lihao.service.ForumService' in your configuration.

2024-12-03 11:40:06 [INFO][com.lihao.BlobApplication][logStarting][50]-> Starting BlobApplication using Java 19.0.2 with PID 52920 (D:\IDEProject\blob\target\classes started by lihao in D:\IDEProject\blob)
2024-12-03 11:40:06 [INFO][com.lihao.BlobApplication][logStartupProfileInfo][654]-> No active profile set, falling back to 1 default profile: "default"
2024-12-03 11:40:07 [INFO][org.springframework.data.repository.config.RepositoryConfigurationDelegate][multipleStoresDetected][295]-> Multiple Spring Data modules found, entering strict repository configuration mode
2024-12-03 11:40:07 [INFO][org.springframework.data.repository.config.RepositoryConfigurationDelegate][registerRepositoriesIn][143]-> Bootstrapping Spring Data Redis repositories in DEFAULT mode.
2024-12-03 11:40:07 [INFO][org.springframework.data.repository.config.RepositoryConfigurationDelegate][registerRepositoriesIn][211]-> Finished Spring Data repository scanning in 29 ms. Found 0 Redis repository interfaces.
2024-12-03 11:40:08 [INFO][org.springframework.boot.web.embedded.tomcat.TomcatWebServer][initialize][109]-> Tomcat initialized with port 9090 (http)
2024-12-03 11:40:08 [INFO][org.apache.catalina.core.AprLifecycleListener][log][173]-> Loaded Apache Tomcat Native library [2.0.7] using APR version [1.7.4].
2024-12-03 11:40:08 [INFO][org.apache.catalina.core.AprLifecycleListener][log][173]-> OpenSSL successfully initialized [OpenSSL 3.0.13 30 Jan 2024]
2024-12-03 11:40:08 [INFO][org.apache.coyote.http11.Http11NioProtocol][log][173]-> Initializing ProtocolHandler ["http-nio-9090"]
2024-12-03 11:40:08 [INFO][org.apache.catalina.core.StandardService][log][173]-> Starting service [Tomcat]
2024-12-03 11:40:08 [INFO][org.apache.catalina.core.StandardEngine][log][173]-> Starting Servlet engine: [Apache Tomcat/10.1.25]
2024-12-03 11:40:08 [INFO][org.apache.catalina.core.ContainerBase.[Tomcat-1].[localhost].[/blob]][log][173]-> Initializing Spring embedded WebApplicationContext
2024-12-03 11:40:08 [INFO][org.springframework.boot.web.servlet.context.ServletWebServerApplicationContext][prepareWebApplicationContext][296]-> Root WebApplicationContext: initialization completed in 1217 ms
2024-12-03 11:40:09 [INFO][com.lihao.demo.current_limiting.base.AbstractCurrentLimitingStrategy][init][23]-> 注册限流策略：FixedWindowStrategy
2024-12-03 11:40:09 [INFO][com.lihao.demo.current_limiting.base.AbstractCurrentLimitingStrategy][init][23]-> 注册限流策略：LeakyBucketStrategy
2024-12-03 11:40:09 [INFO][com.lihao.demo.current_limiting.base.AbstractCurrentLimitingStrategy][init][23]-> 注册限流策略：SlideWindowStrategy
2024-12-03 11:40:09 [INFO][com.lihao.demo.current_limiting.base.AbstractCurrentLimitingStrategy][init][23]-> 注册限流策略：TokenBucketStrategy
2024-12-03 11:40:10 [INFO][org.springframework.boot.devtools.autoconfigure.OptionalLiveReloadServer][startServer][59]-> LiveReload server is running on port 35729
2024-12-03 11:40:10 [INFO][org.apache.coyote.http11.Http11NioProtocol][log][173]-> Starting ProtocolHandler ["http-nio-9090"]
2024-12-03 11:40:10 [INFO][org.springframework.boot.web.embedded.tomcat.TomcatWebServer][start][241]-> Tomcat started on port 9090 (http) with context path '/blob'
2024-12-03 11:40:10 [INFO][com.lihao.BlobApplication][logStarted][56]-> Started BlobApplication in 3.216 seconds (process running for 92.156)
2024-12-03 11:40:10 [INFO][com.zaxxer.hikari.HikariDataSource][getConnection][110]-> HikariCPDatasource - Starting...
2024-12-03 11:40:10 [INFO][com.zaxxer.hikari.pool.HikariPool][checkFailFast][565]-> HikariCPDatasource - Added connection com.mysql.cj.jdbc.ConnectionImpl@4d8b4510
2024-12-03 11:40:10 [INFO][com.zaxxer.hikari.HikariDataSource][getConnection][123]-> HikariCPDatasource - Start completed.
2024-12-03 11:40:53 [INFO][org.apache.catalina.core.ContainerBase.[Tomcat-1].[localhost].[/blob]][log][173]-> Initializing Spring DispatcherServlet 'dispatcherServlet'
2024-12-03 11:40:53 [INFO][org.springframework.web.servlet.DispatcherServlet][initServletBean][532]-> Initializing Servlet 'dispatcherServlet'
2024-12-03 11:40:53 [INFO][org.springframework.web.servlet.DispatcherServlet][initServletBean][554]-> Completed initialization in 2 ms
2024-12-03 11:40:54 [WARN][org.springframework.web.servlet.mvc.method.annotation.ExceptionHandlerExceptionResolver][logException][247]-> Resolved [com.lihao.exception.GlobalException: 账号或密码错误！]
2024-12-03 11:41:00 [INFO][com.lihao.aspect.NormalAspect][monitorApiUsage][156]-> 接口：LoginController.loginCon，耗时：430ms
2024-12-03 11:41:01 [INFO][com.lihao.aspect.NormalAspect][monitorApiUsage][156]-> 接口：ForumController.getPostByTag，耗时：160ms
2024-12-03 11:41:20 [INFO][com.lihao.aspect.NormalAspect][monitorApiUsage][156]-> 接口：ForumController.getPostByTag，耗时：47ms
2024-12-03 11:41:22 [INFO][com.lihao.aspect.NormalAspect][monitorApiUsage][156]-> 接口：ForumController.getPostByTag，耗时：20ms
2024-12-03 11:41:24 [INFO][com.lihao.aspect.NormalAspect][monitorApiUsage][156]-> 接口：ForumController.getPostByTag，耗时：36ms
2024-12-03 11:44:32 [INFO][com.lihao.aspect.NormalAspect][monitorApiUsage][156]-> 接口：LoginController.loginCon，耗时：122ms
2024-12-03 11:44:33 [INFO][com.lihao.aspect.NormalAspect][monitorApiUsage][156]-> 接口：ForumController.getPostByTag，耗时：29ms
2024-12-03 11:51:52 [INFO][com.lihao.aspect.NormalAspect][monitorApiUsage][156]-> 接口：LoginController.loginCon，耗时：126ms
2024-12-03 11:51:53 [INFO][com.lihao.aspect.NormalAspect][monitorApiUsage][156]-> 接口：ForumController.getPostByTag，耗时：24ms
2024-12-03 12:04:54 [INFO][com.lihao.aspect.NormalAspect][monitorApiUsage][156]-> 接口：ForumController.getPostByTag，耗时：24ms
2024-12-03 12:14:53 [INFO][com.lihao.aspect.NormalAspect][monitorApiUsage][156]-> 接口：LoginController.loginCon，耗时：156ms
2024-12-03 12:14:53 [INFO][com.lihao.aspect.NormalAspect][monitorApiUsage][156]-> 接口：ForumController.getPostByTag，耗时：30ms
2024-12-03 12:17:49 [INFO][com.lihao.aspect.NormalAspect][monitorApiUsage][156]-> 接口：LoginController.loginCon，耗时：111ms
2024-12-03 12:17:49 [INFO][com.lihao.aspect.NormalAspect][monitorApiUsage][156]-> 接口：ForumController.getPostByTag，耗时：23ms
2024-12-03 12:22:44 [INFO][com.lihao.aspect.NormalAspect][monitorApiUsage][156]-> 接口：LoginController.loginCon，耗时：114ms
2024-12-03 12:22:44 [INFO][com.lihao.aspect.NormalAspect][monitorApiUsage][156]-> 接口：ForumController.getPostByTag，耗时：36ms
2024-12-03 12:25:07 [INFO][com.lihao.aspect.NormalAspect][monitorApiUsage][156]-> 接口：LoginController.loginCon，耗时：116ms
2024-12-03 12:25:08 [INFO][com.lihao.aspect.NormalAspect][monitorApiUsage][156]-> 接口：ForumController.getPostByTag，耗时：21ms
2024-12-03 12:25:15 [INFO][com.lihao.aspect.NormalAspect][monitorApiUsage][156]-> 接口：ForumController.getPostByTag，耗时：17ms
2024-12-03 12:25:16 [INFO][com.lihao.aspect.NormalAspect][monitorApiUsage][156]-> 接口：ForumController.getPostByTag，耗时：26ms
2024-12-03 12:25:20 [INFO][com.lihao.aspect.NormalAspect][monitorApiUsage][156]-> 接口：ForumController.getPostByTag，耗时：18ms
2024-12-03 12:25:21 [INFO][com.lihao.aspect.NormalAspect][monitorApiUsage][156]-> 接口：ForumController.getPostByTag，耗时：15ms
2024-12-03 12:25:22 [INFO][com.lihao.aspect.NormalAspect][monitorApiUsage][156]-> 接口：ForumController.getPostByTag，耗时：24ms
2024-12-03 12:39:31 [INFO][com.lihao.aspect.NormalAspect][monitorApiUsage][156]-> 接口：LoginController.loginCon，耗时：122ms
2024-12-03 12:39:31 [INFO][com.lihao.aspect.NormalAspect][monitorApiUsage][156]-> 接口：ForumController.getPostByTag，耗时：21ms
2024-12-03 12:43:49 [INFO][com.lihao.aspect.NormalAspect][monitorApiUsage][156]-> 接口：LoginController.loginCon，耗时：114ms
2024-12-03 12:43:50 [INFO][com.lihao.aspect.NormalAspect][monitorApiUsage][156]-> 接口：ForumController.getPostByTag，耗时：34ms
2024-12-03 12:48:23 [INFO][com.lihao.aspect.NormalAspect][monitorApiUsage][156]-> 接口：LoginController.loginCon，耗时：122ms
2024-12-03 12:48:24 [INFO][com.lihao.aspect.NormalAspect][monitorApiUsage][156]-> 接口：ForumController.getPostByTag，耗时：23ms
2024-12-03 13:45:53 [WARN][org.springframework.web.servlet.mvc.method.annotation.ExceptionHandlerExceptionResolver][logException][247]-> Resolved [com.lihao.exception.GlobalException: 无效参数！]
2024-12-03 13:46:38 [INFO][com.lihao.aspect.NormalAspect][monitorApiUsage][156]-> 接口：ForumController.getPostById，耗时：61ms
2024-12-03 14:29:29 [INFO][com.lihao.aspect.NormalAspect][monitorApiUsage][156]-> 接口：LoginController.loginCon，耗时：121ms
2024-12-03 14:29:30 [INFO][com.lihao.aspect.NormalAspect][monitorApiUsage][156]-> 接口：ForumController.getPostByTag，耗时：29ms
2024-12-03 14:29:36 [INFO][com.lihao.aspect.NormalAspect][monitorApiUsage][156]-> 接口：ForumController.getPostById，耗时：29ms
2024-12-03 15:30:35 [INFO][com.lihao.aspect.NormalAspect][monitorApiUsage][156]-> 接口：LoginController.loginCon，耗时：120ms
2024-12-03 15:30:36 [INFO][com.lihao.aspect.NormalAspect][monitorApiUsage][156]-> 接口：ForumController.getPostByTag，耗时：26ms
2024-12-03 15:31:13 [INFO][com.lihao.aspect.NormalAspect][monitorApiUsage][156]-> 接口：ForumController.getPostByTag，耗时：15ms
2024-12-03 15:31:14 [INFO][com.lihao.aspect.NormalAspect][monitorApiUsage][156]-> 接口：ForumController.getPostByTag，耗时：18ms
2024-12-03 15:31:14 [INFO][com.lihao.aspect.NormalAspect][monitorApiUsage][156]-> 接口：ForumController.getPostByTag，耗时：18ms
2024-12-03 15:56:39 [INFO][com.lihao.aspect.NormalAspect][monitorApiUsage][156]-> 接口：LoginController.loginCon，耗时：133ms
2024-12-03 15:56:40 [INFO][com.lihao.aspect.NormalAspect][monitorApiUsage][156]-> 接口：ForumController.getPostByTag，耗时：31ms
2024-12-03 16:00:11 [INFO][com.lihao.aspect.NormalAspect][monitorApiUsage][156]-> 接口：LoginController.loginCon，耗时：122ms
2024-12-03 16:00:12 [INFO][com.lihao.aspect.NormalAspect][monitorApiUsage][156]-> 接口：ForumController.getPostByTag，耗时：23ms
2024-12-03 16:00:57 [INFO][com.lihao.aspect.NormalAspect][monitorApiUsage][156]-> 接口：LoginController.loginCon，耗时：105ms
2024-12-03 16:00:58 [INFO][com.lihao.aspect.NormalAspect][monitorApiUsage][156]-> 接口：ForumController.getPostByTag，耗时：18ms
2024-12-03 16:01:22 [INFO][com.lihao.aspect.NormalAspect][monitorApiUsage][156]-> 接口：LoginController.loginCon，耗时：107ms
2024-12-03 16:01:22 [INFO][com.lihao.aspect.NormalAspect][monitorApiUsage][156]-> 接口：ForumController.getPostByTag，耗时：22ms
2024-12-03 16:01:46 [INFO][com.lihao.aspect.NormalAspect][monitorApiUsage][156]-> 接口：LoginController.loginCon，耗时：160ms
2024-12-03 16:01:48 [INFO][com.lihao.aspect.NormalAspect][monitorApiUsage][156]-> 接口：ForumController.getPostByTag，耗时：21ms
2024-12-03 16:06:13 [INFO][com.lihao.aspect.NormalAspect][monitorApiUsage][156]-> 接口：LoginController.loginCon，耗时：141ms
2024-12-03 16:06:14 [INFO][com.lihao.aspect.NormalAspect][monitorApiUsage][156]-> 接口：ForumController.getPostByTag，耗时：27ms
2024-12-03 16:13:28 [INFO][com.lihao.aspect.NormalAspect][monitorApiUsage][156]-> 接口：LoginController.loginCon，耗时：128ms
2024-12-03 16:13:29 [INFO][com.lihao.aspect.NormalAspect][monitorApiUsage][156]-> 接口：ForumController.getPostByTag，耗时：24ms
2024-12-03 16:15:06 [INFO][com.lihao.aspect.NormalAspect][monitorApiUsage][156]-> 接口：LoginController.loginCon，耗时：90ms
2024-12-03 16:15:07 [INFO][com.lihao.aspect.NormalAspect][monitorApiUsage][156]-> 接口：ForumController.getPostByTag，耗时：21ms
2024-12-03 16:16:11 [INFO][com.lihao.aspect.NormalAspect][monitorApiUsage][156]-> 接口：LoginController.loginCon，耗时：124ms
2024-12-03 16:16:19 [INFO][com.lihao.aspect.NormalAspect][monitorApiUsage][156]-> 接口：ForumController.getPostByTag，耗时：30ms
2024-12-03 16:29:21 [INFO][com.lihao.aspect.NormalAspect][monitorApiUsage][156]-> 接口：LoginController.loginCon，耗时：115ms
2024-12-03 16:29:22 [INFO][com.lihao.aspect.NormalAspect][monitorApiUsage][156]-> 接口：ForumController.getPostByTag，耗时：24ms
2024-12-03 16:30:17 [INFO][com.lihao.aspect.NormalAspect][monitorApiUsage][156]-> 接口：LoginController.loginCon，耗时：135ms
2024-12-03 16:30:18 [INFO][com.lihao.aspect.NormalAspect][monitorApiUsage][156]-> 接口：ForumController.getPostByTag，耗时：19ms
2024-12-03 16:30:21 [INFO][com.lihao.aspect.NormalAspect][monitorApiUsage][156]-> 接口：ForumController.getPostById，耗时：33ms
2024-12-03 16:34:33 [INFO][com.lihao.aspect.NormalAspect][monitorApiUsage][156]-> 接口：LoginController.loginCon，耗时：137ms
2024-12-03 16:34:34 [INFO][com.lihao.aspect.NormalAspect][monitorApiUsage][156]-> 接口：ForumController.getPostByTag，耗时：22ms
2024-12-03 16:34:38 [INFO][com.lihao.aspect.NormalAspect][monitorApiUsage][156]-> 接口：ForumController.getPostById，耗时：48ms
2024-12-03 16:36:46 [INFO][com.lihao.aspect.NormalAspect][monitorApiUsage][156]-> 接口：LoginController.loginCon，耗时：233ms
2024-12-03 16:36:47 [INFO][com.lihao.aspect.NormalAspect][monitorApiUsage][156]-> 接口：ForumController.getPostByTag，耗时：30ms
2024-12-03 16:36:51 [INFO][com.lihao.aspect.NormalAspect][monitorApiUsage][156]-> 接口：ForumController.getPostById，耗时：28ms
2024-12-03 16:38:39 [INFO][com.lihao.aspect.NormalAspect][monitorApiUsage][156]-> 接口：LoginController.loginCon，耗时：113ms
2024-12-03 16:38:40 [INFO][com.lihao.aspect.NormalAspect][monitorApiUsage][156]-> 接口：ForumController.getPostByTag，耗时：21ms
2024-12-03 16:38:44 [INFO][com.lihao.aspect.NormalAspect][monitorApiUsage][156]-> 接口：ForumController.getPostById，耗时：29ms
2024-12-03 16:39:50 [INFO][com.lihao.aspect.NormalAspect][monitorApiUsage][156]-> 接口：LoginController.loginCon，耗时：140ms
2024-12-03 16:39:52 [INFO][com.lihao.aspect.NormalAspect][monitorApiUsage][156]-> 接口：ForumController.getPostByTag，耗时：30ms
2024-12-03 16:39:55 [INFO][com.lihao.aspect.NormalAspect][monitorApiUsage][156]-> 接口：ForumController.getPostById，耗时：63ms
2024-12-03 16:40:00 [INFO][com.lihao.aspect.NormalAspect][monitorApiUsage][156]-> 接口：ForumController.getPostById，耗时：47ms
2024-12-03 17:23:56 [INFO][com.lihao.aspect.NormalAspect][monitorApiUsage][156]-> 接口：ForumController.getPostByTag，耗时：15ms
2024-12-03 17:23:57 [INFO][com.lihao.aspect.NormalAspect][monitorApiUsage][156]-> 接口：ForumController.getPostByTag，耗时：15ms
2024-12-03 17:23:58 [INFO][com.lihao.aspect.NormalAspect][monitorApiUsage][156]-> 接口：ForumController.getPostByTag，耗时：29ms
2024-12-03 17:23:59 [INFO][com.lihao.aspect.NormalAspect][monitorApiUsage][156]-> 接口：ForumController.getPostByTag，耗时：19ms
2024-12-03 17:24:00 [INFO][com.lihao.aspect.NormalAspect][monitorApiUsage][156]-> 接口：ForumController.getPostByTag，耗时：16ms
2024-12-03 17:28:41 [INFO][com.lihao.aspect.NormalAspect][monitorApiUsage][156]-> 接口：ForumController.getPostById，耗时：35ms
2024-12-03 17:28:49 [INFO][com.lihao.aspect.NormalAspect][monitorApiUsage][156]-> 接口：ForumController.getPostById，耗时：26ms
2024-12-03 17:35:31 [INFO][com.lihao.aspect.NormalAspect][monitorApiUsage][156]-> 接口：LoginController.loginCon，耗时：112ms
2024-12-03 17:35:32 [INFO][com.lihao.aspect.NormalAspect][monitorApiUsage][156]-> 接口：ForumController.getPostByTag，耗时：38ms
2024-12-03 17:35:36 [INFO][com.lihao.aspect.NormalAspect][monitorApiUsage][156]-> 接口：ForumController.getPostById，耗时：30ms
2024-12-03 17:35:51 [INFO][com.lihao.aspect.NormalAspect][monitorApiUsage][156]-> 接口：ForumController.getPostById，耗时：40ms
2024-12-03 17:38:19 [INFO][com.lihao.aspect.NormalAspect][monitorApiUsage][156]-> 接口：LoginController.loginCon，耗时：131ms
2024-12-03 17:38:21 [INFO][com.lihao.aspect.NormalAspect][monitorApiUsage][156]-> 接口：ForumController.getPostByTag，耗时：41ms
2024-12-03 17:38:25 [INFO][com.lihao.aspect.NormalAspect][monitorApiUsage][156]-> 接口：ForumController.getPostById，耗时：43ms
2024-12-03 17:39:24 [INFO][com.lihao.aspect.NormalAspect][monitorApiUsage][156]-> 接口：LoginController.loginCon，耗时：104ms
2024-12-03 17:39:26 [INFO][com.lihao.aspect.NormalAspect][monitorApiUsage][156]-> 接口：ForumController.getPostByTag，耗时：45ms
2024-12-03 17:39:30 [INFO][com.lihao.aspect.NormalAspect][monitorApiUsage][156]-> 接口：ForumController.getPostById，耗时：32ms
2024-12-03 17:39:39 [INFO][com.lihao.aspect.NormalAspect][monitorApiUsage][156]-> 接口：ForumController.getPostByTag，耗时：16ms
2024-12-03 17:39:41 [INFO][com.lihao.aspect.NormalAspect][monitorApiUsage][156]-> 接口：ForumController.getPostByTag，耗时：49ms
2024-12-03 17:42:00 [ERROR][com.lihao.InitRun][run][33]-> 服务启动失败！
java.lang.IllegalStateException: LettuceConnectionFactory has been STOPPED. Use start() to initialize it
	at org.springframework.data.redis.connection.lettuce.LettuceConnectionFactory.assertStarted(LettuceConnectionFactory.java:1391)
	at org.springframework.data.redis.connection.lettuce.LettuceConnectionFactory.getConnection(LettuceConnectionFactory.java:991)
	at org.springframework.data.redis.core.RedisConnectionUtils.fetchConnection(RedisConnectionUtils.java:195)
	at org.springframework.data.redis.core.RedisConnectionUtils.doGetConnection(RedisConnectionUtils.java:144)
	at org.springframework.data.redis.core.RedisConnectionUtils.getConnection(RedisConnectionUtils.java:105)
	at org.springframework.data.redis.core.RedisTemplate.execute(RedisTemplate.java:383)
	at org.springframework.data.redis.core.RedisTemplate.execute(RedisTemplate.java:363)
	at org.springframework.data.redis.core.AbstractOperations.execute(AbstractOperations.java:97)
	at org.springframework.data.redis.core.DefaultValueOperations.get(DefaultValueOperations.java:50)
	at com.lihao.redis.RedisUtils.get(RedisUtils.java:35)
	at com.lihao.InitRun.run(InitRun.java:26)
	at org.springframework.boot.SpringApplication.lambda$callRunner$4(SpringApplication.java:786)
	at org.springframework.util.function.ThrowingConsumer$1.acceptWithException(ThrowingConsumer.java:83)
	at org.springframework.util.function.ThrowingConsumer.accept(ThrowingConsumer.java:60)
	at org.springframework.util.function.ThrowingConsumer$1.accept(ThrowingConsumer.java:88)
	at org.springframework.boot.SpringApplication.callRunner(SpringApplication.java:798)
	at org.springframework.boot.SpringApplication.callRunner(SpringApplication.java:786)
	at org.springframework.boot.SpringApplication.lambda$callRunners$3(SpringApplication.java:774)
	at java.base/java.util.stream.ForEachOps$ForEachOp$OfRef.accept(ForEachOps.java:183)
	at java.base/java.util.stream.SortedOps$SizedRefSortingSink.end(SortedOps.java:357)
	at java.base/java.util.stream.AbstractPipeline.copyInto(AbstractPipeline.java:510)
	at java.base/java.util.stream.AbstractPipeline.wrapAndCopyInto(AbstractPipeline.java:499)
	at java.base/java.util.stream.ForEachOps$ForEachOp.evaluateSequential(ForEachOps.java:150)
	at java.base/java.util.stream.ForEachOps$ForEachOp$OfRef.evaluateSequential(ForEachOps.java:173)
	at java.base/java.util.stream.AbstractPipeline.evaluate(AbstractPipeline.java:234)
	at java.base/java.util.stream.ReferencePipeline.forEach(ReferencePipeline.java:596)
	at org.springframework.boot.SpringApplication.callRunners(SpringApplication.java:774)
	at org.springframework.boot.SpringApplication.run(SpringApplication.java:342)
	at org.springframework.boot.SpringApplication.run(SpringApplication.java:1363)
	at org.springframework.boot.SpringApplication.run(SpringApplication.java:1352)
	at com.lihao.BlobApplication.main(BlobApplication.java:22)
	at java.base/jdk.internal.reflect.DirectMethodHandleAccessor.invoke(DirectMethodHandleAccessor.java:104)
	at java.base/java.lang.reflect.Method.invoke(Method.java:578)
	at org.springframework.boot.devtools.restart.RestartLauncher.run(RestartLauncher.java:50)
2024-12-03 17:42:00 [INFO][com.lihao.netty.ChannelContext][clear][34]-> 清除人员、群组信息
2024-12-03 17:42:00 [INFO][com.zaxxer.hikari.HikariDataSource][close][350]-> HikariCPDatasource - Shutdown initiated...
2024-12-03 17:42:00 [INFO][com.zaxxer.hikari.HikariDataSource][close][352]-> HikariCPDatasource - Shutdown completed.
